Using pre-set license
Built from '2020.2/release' branch; Version is '2020.2.1f1 (270dd8c3da1c) revision 2559448'; Using compiler version '192528614'; Build Type 'Release'
OS: 'Windows 10  (10.0.0) 64bit' Language: 'en' Physical Memory: 16298 MB
BatchMode: 1, IsHumanControllingUs: 0, StartBugReporterOnCrash: 0, Is64bit: 1, IsPro: 0

 COMMAND LINE ARGUMENTS:
C:\Program Files\Unity\Hub\Editor\2020.2.1f1\Editor\Unity.exe
-adb2
-batchMode
-noUpm
-name
AssetImportWorker0
-projectPath
C:/Users/giang/projects/Tonys/Bloomerang/Bloomerang
-logFile
Logs/AssetImportWorker0.log
-srvPort
57092
Successfully changed project path to: C:/Users/giang/projects/Tonys/Bloomerang/Bloomerang
C:/Users/giang/projects/Tonys/Bloomerang/Bloomerang
Using Asset Import Pipeline V2.
Refreshing native plugins compatible for Editor in 35.53 ms, found 1 plugins.
Preloading 0 native plugins for Editor in 0.00 ms.
Initialize engine version: 2020.2.1f1 (270dd8c3da1c)
[Subsystems] Discovering subsystems at path C:/Program Files/Unity/Hub/Editor/2020.2.1f1/Editor/Data/Resources/UnitySubsystems
[Subsystems] Discovering subsystems at path C:/Users/giang/projects/Tonys/Bloomerang/Bloomerang/Assets
GfxDevice: creating device client; threaded=0
Direct3D:
    Version:  Direct3D 11.0 [level 11.1]
    Renderer: NVIDIA GeForce RTX 3060 Ti (ID=0x2486)
    Vendor:   
    VRAM:     8050 MB
    Driver:   27.21.14.5751
Initialize mono
Mono path[0] = 'C:/Program Files/Unity/Hub/Editor/2020.2.1f1/Editor/Data/Managed'
Mono path[1] = 'C:/Program Files/Unity/Hub/Editor/2020.2.1f1/Editor/Data/MonoBleedingEdge/lib/mono/unityjit'
Mono config path = 'C:/Program Files/Unity/Hub/Editor/2020.2.1f1/Editor/Data/MonoBleedingEdge/etc'
Using monoOptions --debugger-agent=transport=dt_socket,embedding=1,server=y,suspend=n,address=127.0.0.1:56548
Begin MonoManager ReloadAssembly
Registering precompiled unity dll's ...
Register platform support module: C:/Program Files/Unity/Hub/Editor/2020.2.1f1/Editor/Data/PlaybackEngines/WindowsStandaloneSupport/UnityEditor.WindowsStandalone.Extensions.dll
Registered in 0.001857 seconds.
Native extension for WindowsStandalone target not found
Refreshing native plugins compatible for Editor in 35.55 ms, found 1 plugins.
Preloading 0 native plugins for Editor in 0.00 ms.
Invoked RoslynAnalysisRunner static constructor.
RoslynAnalysisRunner will not be running.
RoslynAnalysisRunner has terminated.
Mono: successfully reloaded assembly
- Completed reload, in  1.001 seconds
Platform modules already initialized, skipping
Registering precompiled user dll's ...
Registered in 0.001043 seconds.
Begin MonoManager ReloadAssembly
Native extension for WindowsStandalone target not found
Refreshing native plugins compatible for Editor in 36.82 ms, found 1 plugins.
Preloading 0 native plugins for Editor in 0.00 ms.
Invoked RoslynAnalysisRunner static constructor.
RoslynAnalysisRunner will not be running.
RoslynAnalysisRunner has terminated.
Mono: successfully reloaded assembly
- Completed reload, in  0.914 seconds
Platform modules already initialized, skipping
========================================================================
Worker process is ready to serve import requests
Launched and connected shader compiler UnityShaderCompiler.exe after 0.05 seconds
Refreshing native plugins compatible for Editor in 0.33 ms, found 1 plugins.
Preloading 0 native plugins for Editor in 0.00 ms.
Unloading 1767 Unused Serialized files (Serialized files now loaded: 0)
System memory in use before: 83.0 MB.
System memory in use after: 83.1 MB.

Unloading 19 unused Assets to reduce memory usage. Loaded Objects now: 2211.
Total: 2.492200 ms (FindLiveObjects: 0.275000 ms CreateObjectMapping: 0.103000 ms MarkObjects: 2.051900 ms  DeleteObjects: 0.060900 ms)

========================================================================
Received Import Request.
  path: Assets/Sprites/PowerBoomerang.png
  artifactKey: Guid(e8fb79e50f1c8e749b358a803dc012cf) Importer(815301076,1909f56bfc062723c751e8b465ee728b)
Start importing Assets/Sprites/PowerBoomerang.png using Guid(e8fb79e50f1c8e749b358a803dc012cf) Importer(815301076,1909f56bfc062723c751e8b465ee728b)  -> (artifact id: 'f0cb4318ff07941c680f3793b7456bd1') in 0.150368 seconds
  Import took 0.154025 seconds .

========================================================================
Received Import Request.
  Time since last request: 0.000332 seconds.
  path: Assets/Sprites
  artifactKey: Guid(aef4914758cfa0e478ba599fe34aa28a) Importer(815301076,1909f56bfc062723c751e8b465ee728b)
Start importing Assets/Sprites using Guid(aef4914758cfa0e478ba599fe34aa28a) Importer(815301076,1909f56bfc062723c751e8b465ee728b)  -> (artifact id: 'cf28749c56e55437de4a472b58f341d0') in 0.006843 seconds
  Import took 0.010677 seconds .

========================================================================
Received Import Request.
  Time since last request: 0.000230 seconds.
  path: Assets/Sprites/DianeWithBoof.png
  artifactKey: Guid(e1d661a95e7e0a4438673ef5ca684913) Importer(815301076,1909f56bfc062723c751e8b465ee728b)
Start importing Assets/Sprites/DianeWithBoof.png using Guid(e1d661a95e7e0a4438673ef5ca684913) Importer(815301076,1909f56bfc062723c751e8b465ee728b)  -> (artifact id: '70e5973f967f68570cd049d7f79dc919') in 0.030529 seconds
  Import took 0.033851 seconds .

========================================================================
Received Import Request.
  Time since last request: 0.000174 seconds.
  path: Assets/Sprites/Slime.png
  artifactKey: Guid(7af042e95694c1142a978e40c676e1a0) Importer(815301076,1909f56bfc062723c751e8b465ee728b)
Start importing Assets/Sprites/Slime.png using Guid(7af042e95694c1142a978e40c676e1a0) Importer(815301076,1909f56bfc062723c751e8b465ee728b)  -> (artifact id: '160126d6d7f838f73431c831cfd8646e') in 0.013069 seconds
  Import took 0.016437 seconds .

========================================================================
Received Import Request.
  Time since last request: 0.000210 seconds.
  path: Assets/Sprites/Boomerang.png
  artifactKey: Guid(6124af36e296434478f1a1c2e447a6a9) Importer(815301076,1909f56bfc062723c751e8b465ee728b)
Start importing Assets/Sprites/Boomerang.png using Guid(6124af36e296434478f1a1c2e447a6a9) Importer(815301076,1909f56bfc062723c751e8b465ee728b)  -> (artifact id: '00f8e037200dbdd6b20b62b8e71a86ed') in 0.015066 seconds
  Import took 0.018058 seconds .

========================================================================
Received Import Request.
  Time since last request: 0.000202 seconds.
  path: Assets/Sprites/PlayAmongUsFinal2.0.png
  artifactKey: Guid(2ac7db2a4ca86d24e87ea9291c2bacc0) Importer(815301076,1909f56bfc062723c751e8b465ee728b)
Start importing Assets/Sprites/PlayAmongUsFinal2.0.png using Guid(2ac7db2a4ca86d24e87ea9291c2bacc0) Importer(815301076,1909f56bfc062723c751e8b465ee728b)  -> (artifact id: 'bf3b661f37d5837b6afe54d5c5462ed3') in 0.077744 seconds
  Import took 0.081980 seconds .

========================================================================
Received Import Request.
  Time since last request: 38.249640 seconds.
  path: Assets/Sprites/Rocket-Animation-Sprite.gif
  artifactKey: Guid(b5fdc6fc6e7f0024582646bc54c61775) Importer(815301076,1909f56bfc062723c751e8b465ee728b)
Start importing Assets/Sprites/Rocket-Animation-Sprite.gif using Guid(b5fdc6fc6e7f0024582646bc54c61775) Importer(815301076,1909f56bfc062723c751e8b465ee728b)  -> (artifact id: '5f663c5304651d2bc5783f7ad49bac28') in 0.016088 seconds
  Import took 0.020236 seconds .

========================================================================
Received Import Request.
  Time since last request: 0.002760 seconds.
  path: Assets/Sprites/Rocket-Animation-Sprite.gif
  artifactKey: Guid(b5fdc6fc6e7f0024582646bc54c61775) Importer(815301076,1909f56bfc062723c751e8b465ee728b)
Start importing Assets/Sprites/Rocket-Animation-Sprite.gif using Guid(b5fdc6fc6e7f0024582646bc54c61775) Importer(815301076,1909f56bfc062723c751e8b465ee728b)  -> (artifact id: '5f663c5304651d2bc5783f7ad49bac28') in 0.007244 seconds
  Import took 0.010288 seconds .

AssetImportWorkerClient::OnTransportError - code=2 error=End of file
